# RTL_ID 22011200
#
# Events:
#    N - no event
#    E - exception
#    I - interrupt
#    W - wakeup
# =====================================================================================
# : Core Reset
# =====================================================================================
# Test: sub.hex
#           Time   Ev  Curr_PC    Instr      Next_PC    Reg        Value     
# =====================================================================================
               3   N   00000000   00000000   00000200   ---        --------
               6   N   00000200   0000e101   00000204   x10_a0     00000000
               7   N   00000204   00004e01   00000206   ---        --------
               8   N   00000206   00000297   00000208   x28_t3     00000000
               9   N   00000208   fb828293   0000020c   x05_t0     00000208
              10   N   0000020c   30529073   00000210   x05_t0     000001c0
              11   N   00000210   00004505   00000214   ---        --------
              12   N   00000214   0000057e   00000216   x10_a0     00000001
              13   N   00000216   00054863   00000218   x10_a0     80000000
              14   N   00000218   0ff0000f   00000228   ---        --------
              17   N   00000228   00028d63   0000022c   x05_t0     00000000
              18   N   0000022c   10529073   00000246   ---        --------
              22   N   00000246   00020297   0000024a   ---        --------
              23   N   0000024a   00000297   0000024a   ---        --------
              24   N   0000024a   30008293   0000024e   x05_t0     0000024a
              26   N   0000024e   00009073   00000252   x05_t0     000002a0
              28   N   00000252   05622573   00000256   ---        --------
              30   N   00000256   34120073   0000025a   x10_a0     00000000
              33   N   0000025a   00000000   000002a0   ---        --------
              36   N   000002a0   00004101   000002a2   x01_ra     00000000
              37   N   000002a2   402081b3   000002a4   x02_sp     00000000
              38   N   000002a4   00004e81   000002a8   x03_gp     00000000
              39   N   000002a8   00004e09   000002aa   x29_t4     00000000
              40   N   000002aa   35d19363   000002ac   x28_t3     00000002
              41   N   000002ac   00004085   000002b0   ---        --------
              42   N   000002b0   00004105   000002b2   x01_ra     00000001
              43   N   000002b2   402081b3   000002b4   x02_sp     00000001
              44   N   000002b4   00004e81   000002b8   x03_gp     00000000
              45   N   000002b8   00004e0d   000002ba   x29_t4     00000000
              46   N   000002ba   33d19b63   000002bc   x28_t3     00000003
              47   N   000002bc   0000408d   000002c0   ---        --------
              48   N   000002c0   0000411d   000002c2   x01_ra     00000003
              49   N   000002c2   402081b3   000002c4   x02_sp     00000007
              50   N   000002c4   ffc00e93   000002c8   x03_gp     fffffffc
              51   N   000002c8   00004e11   000002cc   x29_t4     fffffffc
              52   N   000002cc   33d19263   000002ce   x28_t3     00000004
              53   N   000002ce   00004081   000002d2   ---        --------
              54   N   000002d2   ffff8137   000002d4   x01_ra     00000000
              55   N   000002d4   402081b3   000002d8   x02_sp     ffff8000
              56   N   000002d8   00006ea1   000002dc   x03_gp     00008000
              57   N   000002dc   00004e15   000002de   x29_t4     00008000
              58   N   000002de   31d19963   000002e0   x28_t3     00000005
              59   N   000002e0   800000b7   000002e4   ---        --------
              60   N   000002e4   00004101   000002e8   x01_ra     80000000
              61   N   000002e8   402081b3   000002ea   x02_sp     00000000
              62   N   000002ea   41010eb7   000002ee   x03_gp     80000000
              64   N   000002ee   00004e19   000002f2   x29_t4     80000000
              65   N   000002f2   2fd19f63   000002f4   x28_t3     00000006
              66   N   000002f4   800000b7   000002f8   ---        --------
              67   N   000002f8   ffff8137   000002fc   x01_ra     80000000
              68   N   000002fc   402081b3   00000300   x02_sp     ffff8000
              69   N   00000300   80008eb7   00000304   x03_gp     80008000
              70   N   00000304   00004e1d   00000308   x29_t4     80008000
              71   N   00000308   2fd19463   0000030a   x28_t3     00000007
              72   N   0000030a   00004081   0000030e   ---        --------
              73   N   0000030e   00008137   00000310   x01_ra     00000000
              74   N   00000310   0000117d   00000314   x02_sp     00008000
              75   N   00000314   402081b3   00000316   x02_sp     00007fff
              76   N   00000316   00007ee1   0000031a   x03_gp     ffff8001
              77   N   0000031a   00000e85   0000031c   x29_t4     ffff8000
              78   N   0000031c   00004e21   0000031e   x29_t4     ffff8001
              79   N   0000031e   2dd19963   00000320   x28_t3     00000008
              80   N   00000320   800000b7   00000324   ---        --------
              81   N   00000324   000010fd   00000328   x01_ra     80000000
              82   N   00000328   00004101   0000032a   x01_ra     7fffffff
              83   N   0000032a   402081b3   0000032c   x02_sp     00000000
              84   N   0000032c   80000eb7   00000330   x03_gp     7fffffff
              85   N   00000330   00001efd   00000334   x29_t4     80000000
              86   N   00000334   00004e25   00000336   x29_t4     7fffffff
              87   N   00000336   2bd19d63   00000338   x28_t3     00000009
              88   N   00000338   800000b7   0000033c   ---        --------
              89   N   0000033c   000010fd   00000340   x01_ra     80000000
              90   N   00000340   00008137   00000342   x01_ra     7fffffff
              91   N   00000342   0000117d   00000346   x02_sp     00008000
              92   N   00000346   402081b3   00000348   x02_sp     00007fff
              93   N   00000348   7fff8eb7   0000034c   x03_gp     7fff8000
              94   N   0000034c   00004e29   00000350   x29_t4     7fff8000
              95   N   00000350   2bd19063   00000352   x28_t3     0000000a
              96   N   00000352   4e2900b7   00000356   ---        --------
              98   N   00000356   2bd18137   0000035a   x01_ra     80000000
             100   N   0000035a   0000117d   0000035e   x02_sp     00008000
             101   N   0000035e   402081b3   00000360   x02_sp     00007fff
             102   N   00000360   7fff8eb7   00000364   x03_gp     7fff8001
             103   N   00000364   00000e85   00000368   x29_t4     7fff8000
             104   N   00000368   00004e2d   0000036a   x29_t4     7fff8001
             105   N   0000036a   29d19363   0000036c   x28_t3     0000000b
             106   N   0000036c   800000b7   00000370   ---        --------
             107   N   00000370   000010fd   00000374   x01_ra     80000000
             108   N   00000374   ffff8137   00000376   x01_ra     7fffffff
             109   N   00000376   10fd81b3   0000037a   x02_sp     ffff8000
             111   N   0000037a   ffff8eb7   0000037e   x03_gp     80007fff
             113   N   0000037e   00001efd   00000382   x29_t4     80008000
             114   N   00000382   00004e31   00000384   x29_t4     80007fff
             115   N   00000384   27d19663   00000386   x28_t3     0000000c
             116   N   00000386   00004081   0000038a   ---        --------
             117   N   0000038a   fff00113   0000038c   x01_ra     00000000
             118   N   0000038c   402081b3   00000390   x02_sp     ffffffff
             119   N   00000390   00004e85   00000394   x03_gp     00000001
             120   N   00000394   00004e35   00000396   x29_t4     00000001
             121   N   00000396   25d19d63   00000398   x28_t3     0000000d
             122   N   00000398   fff00093   0000039c   ---        --------
             123   N   0000039c   00004105   000003a0   x01_ra     ffffffff
             124   N   000003a0   402081b3   000003a2   x02_sp     00000001
             125   N   000003a2   41050e93   000003a6   x03_gp     fffffffe
             127   N   000003a6   00004e39   000003aa   x29_t4     fffffffe
             128   N   000003aa   25d19363   000003ac   x28_t3     0000000e
             129   N   000003ac   fff00093   000003b0   ---        --------
             130   N   000003b0   fff00113   000003b4   x01_ra     ffffffff
             131   N   000003b4   402081b3   000003b8   x02_sp     ffffffff
             132   N   000003b8   00004e81   000003bc   x03_gp     00000000
             133   N   000003bc   00004e3d   000003be   x29_t4     00000000
             134   N   000003be   23d19963   000003c0   x28_t3     0000000f
             135   N   000003c0   000040b5   000003c4   ---        --------
             136   N   000003c4   0000412d   000003c6   x01_ra     0000000d
             137   N   000003c6   402080b3   000003c8   x02_sp     0000000b
             138   N   000003c8   00004e89   000003cc   x01_ra     00000002
             139   N   000003cc   00004e41   000003ce   x29_t4     00000002
             140   N   000003ce   23d09163   000003d0   x28_t3     00000010
             141   N   000003d0   000040b9   000003d4   ---        --------
             142   N   000003d4   0000412d   000003d6   x01_ra     0000000e
             143   N   000003d6   40208133   000003d8   x02_sp     0000000b
             144   N   000003d8   00004e8d   000003dc   x02_sp     00000003
             145   N   000003dc   00004e45   000003de   x29_t4     00000003
             146   N   000003de   21d11963   000003e0   x28_t3     00000011
             147   N   000003e0   000040b5   000003e4   ---        --------
             148   N   000003e4   401080b3   000003e6   x01_ra     0000000d
             149   N   000003e6   00004e81   000003ea   x01_ra     00000000
             150   N   000003ea   00004e49   000003ec   x29_t4     00000000
             151   N   000003ec   21d09263   000003ee   x28_t3     00000012
             152   N   000003ee   00004201   000003f2   ---        --------
             153   N   000003f2   000040b5   000003f4   x04_tp     00000000
             154   N   000003f4   0000412d   000003f6   x01_ra     0000000d
             155   N   000003f6   402081b3   000003f8   x02_sp     0000000b
             156   N   000003f8   0000830e   000003fc   x03_gp     00000002
             157   N   000003fc   00000205   000003fe   x06_t1     00000002
             158   N   000003fe   00004289   00000400   x04_tp     00000001
             159   N   00000400   fe5219e3   00000402   x05_t0     00000002
             160   N   00000402   00004e89   000003f4   ---        --------
             163   N   000003f4   0000412d   000003f6   x01_ra     0000000d
             164   N   000003f6   402081b3   000003f8   x02_sp     0000000b
             165   N   000003f8   0000830e   000003fc   x03_gp     00000002
             166   N   000003fc   00000205   000003fe   x06_t1     00000002
             167   N   000003fe   00004289   00000400   x04_tp     00000002
             168   N   00000400   fe5219e3   00000402   x05_t0     00000002
             169   N   00000402   00004e89   00000406   ---        --------
             170   N   00000406   00004e4d   00000408   x29_t4     00000002
             171   N   00000408   1fd31463   0000040a   x28_t3     00000013
             172   N   0000040a   00004201   0000040e   ---        --------
             173   N   0000040e   000040b9   00000410   x04_tp     00000000
             174   N   00000410   0000412d   00000412   x01_ra     0000000e
             175   N   00000412   402081b3   00000414   x02_sp     0000000b
             176   N   00000414   00000001   00000418   x03_gp     00000003
             177   N   00000418   0000830e   0000041a   ---        --------
             178   N   0000041a   00000205   0000041c   x06_t1     00000003
             179   N   0000041c   00004289   0000041e   x04_tp     00000001
             180   N   0000041e   fe5218e3   00000420   x05_t0     00000002
             181   N   00000420   00004e8d   00000410   ---        --------
             184   N   00000410   0000412d   00000412   x01_ra     0000000e
             185   N   00000412   402081b3   00000414   x02_sp     0000000b
             186   N   00000414   00000001   00000418   x03_gp     00000003
             187   N   00000418   0000830e   0000041a   ---        --------
             188   N   0000041a   00000205   0000041c   x06_t1     00000003
             189   N   0000041c   00004289   0000041e   x04_tp     00000002
             190   N   0000041e   fe5218e3   00000420   x05_t0     00000002
             191   N   00000420   00004e8d   00000424   ---        --------
             192   N   00000424   00004e51   00000426   x29_t4     00000003
             193   N   00000426   1dd31563   00000428   x28_t3     00000014
             194   N   00000428   00004201   0000042c   ---        --------
             195   N   0000042c   000040bd   0000042e   x04_tp     00000000
             196   N   0000042e   0000412d   00000430   x01_ra     0000000f
             197   N   00000430   402081b3   00000432   x02_sp     0000000b
             198   N   00000432   00000001   00000436   x03_gp     00000004
             199   N   00000436   00000001   00000438   ---        --------
             200   N   00000438   0000830e   0000043a   ---        --------
             201   N   0000043a   00000205   0000043c   x06_t1     00000004
             202   N   0000043c   00004289   0000043e   x04_tp     00000001
             203   N   0000043e   fe5217e3   00000440   x05_t0     00000002
             204   N   00000440   00004e91   0000042e   ---        --------
             207   N   0000042e   0000412d   00000430   x01_ra     0000000f
             208   N   00000430   402081b3   00000432   x02_sp     0000000b
             209   N   00000432   00000001   00000436   x03_gp     00000004
             210   N   00000436   00000001   00000438   ---        --------
             211   N   00000438   0000830e   0000043a   ---        --------
             212   N   0000043a   00000205   0000043c   x06_t1     00000004
             213   N   0000043c   00004289   0000043e   x04_tp     00000002
             214   N   0000043e   fe5217e3   00000440   x05_t0     00000002
             215   N   00000440   00004e91   00000444   ---        --------
             216   N   00000444   00004e55   00000446   x29_t4     00000004
             217   N   00000446   1bd31563   00000448   x28_t3     00000015
             218   N   00000448   00004201   0000044c   ---        --------
             219   N   0000044c   000040b5   0000044e   x04_tp     00000000
             220   N   0000044e   0000412d   00000450   x01_ra     0000000d
             221   N   00000450   402081b3   00000452   x02_sp     0000000b
             222   N   00000452   00000205   00000456   x03_gp     00000002
             223   N   00000456   00004289   00000458   x04_tp     00000001
             224   N   00000458   fe521ae3   0000045a   x05_t0     00000002
             225   N   0000045a   00004e89   0000044e   ---        --------
             228   N   0000044e   0000412d   00000450   x01_ra     0000000d
             229   N   00000450   402081b3   00000452   x02_sp     0000000b
             230   N   00000452   00000205   00000456   x03_gp     00000002
             231   N   00000456   00004289   00000458   x04_tp     00000002
             232   N   00000458   fe521ae3   0000045a   x05_t0     00000002
             233   N   0000045a   00004e89   0000045e   ---        --------
             234   N   0000045e   00004e59   00000460   x29_t4     00000002
             235   N   00000460   19d19863   00000462   x28_t3     00000016
             236   N   00000462   00004201   00000466   ---        --------
             237   N   00000466   000040b9   00000468   x04_tp     00000000
             238   N   00000468   0000412d   0000046a   x01_ra     0000000e
             239   N   0000046a   00000001   0000046c   x02_sp     0000000b
             240   N   0000046c   402081b3   0000046e   ---        --------
             241   N   0000046e   00000205   00000472   x03_gp     00000003
             242   N   00000472   00004289   00000474   x04_tp     00000001
             243   N   00000474   fe5219e3   00000476   x05_t0     00000002
             244   N   00000476   00004e8d   00000468   ---        --------
             247   N   00000468   0000412d   0000046a   x01_ra     0000000e
             248   N   0000046a   00000001   0000046c   x02_sp     0000000b
             249   N   0000046c   402081b3   0000046e   ---        --------
             250   N   0000046e   00000205   00000472   x03_gp     00000003
             251   N   00000472   00004289   00000474   x04_tp     00000002
             252   N   00000474   fe5219e3   00000476   x05_t0     00000002
             253   N   00000476   00004e8d   0000047a   ---        --------
             254   N   0000047a   00004e5d   0000047c   x29_t4     00000003
             255   N   0000047c   17d19a63   0000047e   x28_t3     00000017
             256   N   0000047e   00004201   00000482   ---        --------
             257   N   00000482   000040bd   00000484   x04_tp     00000000
             258   N   00000484   0000412d   00000486   x01_ra     0000000f
             259   N   00000486   00000001   00000488   x02_sp     0000000b
             260   N   00000488   00000001   0000048a   ---        --------
             261   N   0000048a   402081b3   0000048c   ---        --------
             262   N   0000048c   00000205   00000490   x03_gp     00000004
             263   N   00000490   00004289   00000492   x04_tp     00000001
             264   N   00000492   fe5218e3   00000494   x05_t0     00000002
             265   N   00000494   00004e91   00000484   ---        --------
             268   N   00000484   0000412d   00000486   x01_ra     0000000f
             269   N   00000486   00000001   00000488   x02_sp     0000000b
             270   N   00000488   00000001   0000048a   ---        --------
             271   N   0000048a   402081b3   0000048c   ---        --------
             272   N   0000048c   00000205   00000490   x03_gp     00000004
             273   N   00000490   00004289   00000492   x04_tp     00000002
             274   N   00000492   fe5218e3   00000494   x05_t0     00000002
             275   N   00000494   00004e91   00000498   ---        --------
             276   N   00000498   00004e61   0000049a   x29_t4     00000004
             277   N   0000049a   15d19b63   0000049c   x28_t3     00000018
             278   N   0000049c   00004201   000004a0   ---        --------
             279   N   000004a0   000040b5   000004a2   x04_tp     00000000
             280   N   000004a2   00000001   000004a4   x01_ra     0000000d
             281   N   000004a4   0000412d   000004a6   ---        --------
             282   N   000004a6   402081b3   000004a8   x02_sp     0000000b
             283   N   000004a8   00000205   000004ac   x03_gp     00000002
             284   N   000004ac   00004289   000004ae   x04_tp     00000001
             285   N   000004ae   fe5219e3   000004b0   x05_t0     00000002
             286   N   000004b0   00004e89   000004a2   ---        --------
             289   N   000004a2   00000001   000004a4   x01_ra     0000000d
             290   N   000004a4   0000412d   000004a6   ---        --------
             291   N   000004a6   402081b3   000004a8   x02_sp     0000000b
             292   N   000004a8   00000205   000004ac   x03_gp     00000002
             293   N   000004ac   00004289   000004ae   x04_tp     00000002
             294   N   000004ae   fe5219e3   000004b0   x05_t0     00000002
             295   N   000004b0   00004e89   000004b4   ---        --------
             296   N   000004b4   00004e65   000004b6   x29_t4     00000002
             297   N   000004b6   13d19d63   000004b8   x28_t3     00000019
             298   N   000004b8   00004201   000004bc   ---        --------
             299   N   000004bc   000040b9   000004be   x04_tp     00000000
             300   N   000004be   00000001   000004c0   x01_ra     0000000e
             301   N   000004c0   0000412d   000004c2   ---        --------
             302   N   000004c2   00000001   000004c4   x02_sp     0000000b
             303   N   000004c4   402081b3   000004c6   ---        --------
             304   N   000004c6   00000205   000004ca   x03_gp     00000003
             305   N   000004ca   00004289   000004cc   x04_tp     00000001
             306   N   000004cc   fe5218e3   000004ce   x05_t0     00000002
             307   N   000004ce   00004e8d   000004be   ---        --------
             310   N   000004be   00000001   000004c0   x01_ra     0000000e
             311   N   000004c0   0000412d   000004c2   ---        --------
             312   N   000004c2   00000001   000004c4   x02_sp     0000000b
             313   N   000004c4   402081b3   000004c6   ---        --------
             314   N   000004c6   00000205   000004ca   x03_gp     00000003
             315   N   000004ca   00004289   000004cc   x04_tp     00000002
             316   N   000004cc   fe5218e3   000004ce   x05_t0     00000002
             317   N   000004ce   00004e8d   000004d2   ---        --------
             318   N   000004d2   00004e69   000004d4   x29_t4     00000003
             319   N   000004d4   11d19e63   000004d6   x28_t3     0000001a
             320   N   000004d6   00004201   000004da   ---        --------
             321   N   000004da   000040bd   000004dc   x04_tp     00000000
             322   N   000004dc   00000001   000004de   x01_ra     0000000f
             323   N   000004de   00000001   000004e0   ---        --------
             324   N   000004e0   0000412d   000004e2   ---        --------
             325   N   000004e2   402081b3   000004e4   x02_sp     0000000b
             326   N   000004e4   00000205   000004e8   x03_gp     00000004
             327   N   000004e8   00004289   000004ea   x04_tp     00000001
             328   N   000004ea   fe5218e3   000004ec   x05_t0     00000002
             329   N   000004ec   00004e91   000004dc   ---        --------
             332   N   000004dc   00000001   000004de   x01_ra     0000000f
             333   N   000004de   00000001   000004e0   ---        --------
             334   N   000004e0   0000412d   000004e2   ---        --------
             335   N   000004e2   402081b3   000004e4   x02_sp     0000000b
             336   N   000004e4   00000205   000004e8   x03_gp     00000004
             337   N   000004e8   00004289   000004ea   x04_tp     00000002
             338   N   000004ea   fe5218e3   000004ec   x05_t0     00000002
             339   N   000004ec   00004e91   000004f0   ---        --------
             340   N   000004f0   00004e6d   000004f2   x29_t4     00000004
             341   N   000004f2   0fd19f63   000004f4   x28_t3     0000001b
             342   N   000004f4   00004201   000004f8   ---        --------
             343   N   000004f8   0000412d   000004fa   x04_tp     00000000
             344   N   000004fa   000040b5   000004fc   x02_sp     0000000b
             345   N   000004fc   402081b3   000004fe   x01_ra     0000000d
             346   N   000004fe   00000205   00000502   x03_gp     00000002
             347   N   00000502   00004289   00000504   x04_tp     00000001
             348   N   00000504   fe521ae3   00000506   x05_t0     00000002
             349   N   00000506   00004e89   000004fa   ---        --------
             352   N   000004fa   000040b5   000004fc   x02_sp     0000000b
             353   N   000004fc   402081b3   000004fe   x01_ra     0000000d
             354   N   000004fe   00000205   00000502   x03_gp     00000002
             355   N   00000502   00004289   00000504   x04_tp     00000002
             356   N   00000504   fe521ae3   00000506   x05_t0     00000002
             357   N   00000506   00004e89   0000050a   ---        --------
             358   N   0000050a   00004e71   0000050c   x29_t4     00000002
             359   N   0000050c   0fd19263   0000050e   x28_t3     0000001c
             360   N   0000050e   00004201   00000512   ---        --------
             361   N   00000512   0000412d   00000514   x04_tp     00000000
             362   N   00000514   000040b9   00000516   x02_sp     0000000b
             363   N   00000516   00000001   00000518   x01_ra     0000000e
             364   N   00000518   402081b3   0000051a   ---        --------
             365   N   0000051a   00000205   0000051e   x03_gp     00000003
             366   N   0000051e   00004289   00000520   x04_tp     00000001
             367   N   00000520   fe5219e3   00000522   x05_t0     00000002
             368   N   00000522   00004e8d   00000514   ---        --------
             371   N   00000514   000040b9   00000516   x02_sp     0000000b
             372   N   00000516   00000001   00000518   x01_ra     0000000e
             373   N   00000518   402081b3   0000051a   ---        --------
             374   N   0000051a   00000205   0000051e   x03_gp     00000003
             375   N   0000051e   00004289   00000520   x04_tp     00000002
             376   N   00000520   fe5219e3   00000522   x05_t0     00000002
             377   N   00000522   00004e8d   00000526   ---        --------
             378   N   00000526   00004e75   00000528   x29_t4     00000003
             379   N   00000528   0dd19463   0000052a   x28_t3     0000001d
             380   N   0000052a   00004201   0000052e   ---        --------
             381   N   0000052e   0000412d   00000530   x04_tp     00000000
             382   N   00000530   000040bd   00000532   x02_sp     0000000b
             383   N   00000532   00000001   00000534   x01_ra     0000000f
             384   N   00000534   00000001   00000536   ---        --------
             385   N   00000536   402081b3   00000538   ---        --------
             386   N   00000538   00000205   0000053c   x03_gp     00000004
             387   N   0000053c   00004289   0000053e   x04_tp     00000001
             388   N   0000053e   fe5218e3   00000540   x05_t0     00000002
             389   N   00000540   00004e91   00000530   ---        --------
             392   N   00000530   000040bd   00000532   x02_sp     0000000b
             393   N   00000532   00000001   00000534   x01_ra     0000000f
             394   N   00000534   00000001   00000536   ---        --------
             395   N   00000536   402081b3   00000538   ---        --------
             396   N   00000538   00000205   0000053c   x03_gp     00000004
             397   N   0000053c   00004289   0000053e   x04_tp     00000002
             398   N   0000053e   fe5218e3   00000540   x05_t0     00000002
             399   N   00000540   00004e91   00000544   ---        --------
             400   N   00000544   00004e79   00000546   x29_t4     00000004
             401   N   00000546   0bd19563   00000548   x28_t3     0000001e
             402   N   00000548   00004201   0000054c   ---        --------
             403   N   0000054c   0000412d   0000054e   x04_tp     00000000
             404   N   0000054e   00000001   00000550   x02_sp     0000000b
             405   N   00000550   000040b5   00000552   ---        --------
             406   N   00000552   402081b3   00000554   x01_ra     0000000d
             407   N   00000554   00000205   00000558   x03_gp     00000002
             408   N   00000558   00004289   0000055a   x04_tp     00000001
             409   N   0000055a   fe5219e3   0000055c   x05_t0     00000002
             410   N   0000055c   00004e89   0000054e   ---        --------
             413   N   0000054e   00000001   00000550   x02_sp     0000000b
             414   N   00000550   000040b5   00000552   ---        --------
             415   N   00000552   402081b3   00000554   x01_ra     0000000d
             416   N   00000554   00000205   00000558   x03_gp     00000002
             417   N   00000558   00004289   0000055a   x04_tp     00000002
             418   N   0000055a   fe5219e3   0000055c   x05_t0     00000002
             419   N   0000055c   00004e89   00000560   ---        --------
             420   N   00000560   00004e7d   00000562   x29_t4     00000002
             421   N   00000562   09d19763   00000564   x28_t3     0000001f
             422   N   00000564   00004201   00000568   ---        --------
             423   N   00000568   0000412d   0000056a   x04_tp     00000000
             424   N   0000056a   00000001   0000056c   x02_sp     0000000b
             425   N   0000056c   000040b9   0000056e   ---        --------
             426   N   0000056e   00000001   00000570   x01_ra     0000000e
             427   N   00000570   402081b3   00000572   ---        --------
             428   N   00000572   00000205   00000576   x03_gp     00000003
             429   N   00000576   00004289   00000578   x04_tp     00000001
             430   N   00000578   fe5218e3   0000057a   x05_t0     00000002
             431   N   0000057a   00004e8d   0000056a   ---        --------
             434   N   0000056a   00000001   0000056c   x02_sp     0000000b
             435   N   0000056c   000040b9   0000056e   ---        --------
             436   N   0000056e   00000001   00000570   x01_ra     0000000e
             437   N   00000570   402081b3   00000572   ---        --------
             438   N   00000572   00000205   00000576   x03_gp     00000003
             439   N   00000576   00004289   00000578   x04_tp     00000002
             440   N   00000578   fe5218e3   0000057a   x05_t0     00000002
             441   N   0000057a   00004e8d   0000057e   ---        --------
             442   N   0000057e   02000e13   00000580   x29_t4     00000003
             443   N   00000580   07d19763   00000584   x28_t3     00000020
             444   N   00000584   00004201   00000588   ---        --------
             445   N   00000588   0000412d   0000058a   x04_tp     00000000
             446   N   0000058a   00000001   0000058c   x02_sp     0000000b
             447   N   0000058c   00000001   0000058e   ---        --------
             448   N   0000058e   000040bd   00000590   ---        --------
             449   N   00000590   402081b3   00000592   x01_ra     0000000f
             450   N   00000592   00000205   00000596   x03_gp     00000004
             451   N   00000596   00004289   00000598   x04_tp     00000001
             452   N   00000598   fe5218e3   0000059a   x05_t0     00000002
             453   N   0000059a   00004e91   0000058a   ---        --------
             456   N   0000058a   00000001   0000058c   x02_sp     0000000b
             457   N   0000058c   00000001   0000058e   ---        --------
             458   N   0000058e   000040bd   00000590   ---        --------
             459   N   00000590   402081b3   00000592   x01_ra     0000000f
             460   N   00000592   00000205   00000596   x03_gp     00000004
             461   N   00000596   00004289   00000598   x04_tp     00000002
             462   N   00000598   fe5218e3   0000059a   x05_t0     00000002
             463   N   0000059a   00004e91   0000059e   ---        --------
             464   N   0000059e   02100e13   000005a0   x29_t4     00000004
             465   N   000005a0   05d19763   000005a4   x28_t3     00000021
             466   N   000005a4   ff100093   000005a8   ---        --------
             467   N   000005a8   40100133   000005ac   x01_ra     fffffff1
             468   N   000005ac   00004ebd   000005b0   x02_sp     0000000f
             469   N   000005b0   02200e13   000005b2   x29_t4     0000000f
             470   N   000005b2   4ebd1e63   000005b6   x28_t3     00000022
             472   N   000005b6   02200093   000005ba   ---        --------
             474   N   000005ba   03d18133   000005be   x01_ra     00000020
             476   N   000005be   02000e93   000005c2   x02_sp     00000020
             478   N   000005c2   40000e13   000005c6   x29_t4     00000020
             480   N   000005c6   02001463   000005ca   x28_t3     00000023
             482   N   000005ca   023000b3   000005ce   ---        --------
             484   N   000005ce   00004e81   000005d2   x01_ra     00000000
             485   N   000005d2   02400e13   000005d4   x29_t4     00000000
             486   N   000005d4   01d09d63   000005d8   x28_t3     00000024
             487   N   000005d8   000040c1   000005dc   ---        --------
             488   N   000005dc   00004179   000005de   x01_ra     00000010
             489   N   000005de   40208033   000005e0   x02_sp     0000001e
             490   N   000005e0   00004e81   000005e4   ---        --------
             491   N   000005e4   02500e13   000005e6   x29_t4     00000000
             492   N   000005e6   4e811463   000005ea   x28_t3     00000025
             494   N   000005ea   02501863   000005ee   ---        --------
             496   N   000005ee   01d0000f   000005fe   ---        --------
             500   N   000005fe   000085f2   00000602   ---        --------
             501   N   00000602   00004501   00000604   x11_a1     00000025
             502   N   00000604   00000073   00000606   x10_a0     00000000
             503   E   00000606   45010073   000001c0   mstatus    00001800
             503   E   00000606   45010073   000001c0   mepc       00000606
             503   E   00000606   45010073   000001c0   mcause     0000000b
             503   E   00000606   45010073   000001c0   mtval      00000000
             506   N   000001c0   000047a1   000001c4   x14_a4     0000000b
             507   N   000001c4   02f70263   000001c6   x15_a5     00000008
             508   N   000001c6   000047a5   000001ca   ---        --------
             509   N   000001ca   00f70f63   000001cc   x15_a5     00000009
             510   N   000001cc   000047ad   000001d0   ---        --------
             511   N   000001d0   00f70c63   000001d2   x15_a5     0000000b
             512   N   000001d2   47ad0713   000001ea   ---        --------
             516   N   000001ea   07130013   00000620   ---        --------
             519   N   00000620   ad428293   00000624   x05_t0     00000620
             520   N   00000624   00008282   00000628   x05_t0     000000f4
             521   N   00000628   00000013   000000f4   ---        --------
             524   N   000000f4   0000006f   000000f8   ---        --------
             525   N   000000f8   ffffffff   000000f8   ---        --------
